<?xml version="1.0" encoding="UTF-8"?>
<coverage generated="1510705836">
  <project timestamp="1510705836">
    <package name="TakeawayTown\LaravelUuid\Classes">
      <file name="/var/www/takeawaytown/packages/laravel-uuid/src/Classes/Uuid.php">
        <class name="Uuid" namespace="TakeawayTown\LaravelUuid\Classes" fullPackage="TakeawayTown" package="TakeawayTown">
          <metrics complexity="43" methods="12" coveredmethods="8" conditionals="0" coveredconditionals="0" statements="107" coveredstatements="90" elements="119" coveredelements="98"/>
        </class>
        <line num="85" type="method" name="__construct" visibility="protected" complexity="3" crap="3.01" count="43"/>
        <line num="87" type="stmt" count="43"/>
        <line num="88" type="stmt" count="0"/>
        <line num="91" type="stmt" count="43"/>
        <line num="94" type="stmt" count="43"/>
        <line num="95" type="stmt" count="43"/>
        <line num="96" type="stmt" count="43"/>
        <line num="97" type="stmt" count="43"/>
        <line num="98" type="stmt" count="43"/>
        <line num="99" type="stmt" count="43"/>
        <line num="110" type="method" name="generate" visibility="public" complexity="8" crap="8.19" count="41"/>
        <line num="112" type="stmt" count="41"/>
        <line num="113" type="stmt" count="41"/>
        <line num="115" type="stmt" count="41"/>
        <line num="116" type="stmt" count="41"/>
        <line num="117" type="stmt" count="10"/>
        <line num="118" type="stmt" count="31"/>
        <line num="119" type="stmt" count="0"/>
        <line num="120" type="stmt" count="31"/>
        <line num="121" type="stmt" count="11"/>
        <line num="122" type="stmt" count="21"/>
        <line num="123" type="stmt" count="11"/>
        <line num="124" type="stmt" count="11"/>
        <line num="125" type="stmt" count="11"/>
        <line num="127" type="stmt" count="0"/>
        <line num="137" type="method" name="timeGenerator" visibility="protected" complexity="3" crap="3" count="10"/>
        <line num="140" type="stmt" count="10"/>
        <line num="143" type="stmt" count="10"/>
        <line num="146" type="stmt" count="10"/>
        <line num="149" type="stmt" count="10"/>
        <line num="152" type="stmt" count="10"/>
        <line num="155" type="stmt" count="10"/>
        <line num="156" type="stmt" count="10"/>
        <line num="161" type="stmt" count="10"/>
        <line num="162" type="stmt" count="9"/>
        <line num="163" type="stmt" count="9"/>
        <line num="166" type="stmt" count="10"/>
        <line num="168" type="stmt" count="10"/>
        <line num="179" type="method" name="makeBinary" visibility="protected" complexity="4" crap="4" count="38"/>
        <line num="181" type="stmt" count="38"/>
        <line num="182" type="stmt" count="4"/>
        <line num="184" type="stmt" count="37"/>
        <line num="185" type="stmt" count="4"/>
        <line num="188" type="stmt" count="36"/>
        <line num="191" type="stmt" count="36"/>
        <line num="193" type="stmt" count="36"/>
        <line num="194" type="stmt" count="9"/>
        <line num="196" type="stmt" count="30"/>
        <line num="200" type="method" name="timeString" visibility="protected" complexity="1" crap="1" count="10"/>
        <line num="204" type="stmt" count="10"/>
        <line num="207" type="stmt" count="10"/>
        <line num="210" type="stmt" count="10"/>
        <line num="213" type="stmt" count="10"/>
        <line num="214" type="stmt" count="10"/>
        <line num="216" type="stmt" count="10"/>
        <line num="230" type="method" name="nameGenerator" visibility="protected" complexity="5" crap="5.03" count="21"/>
        <line num="233" type="stmt" count="21"/>
        <line num="234" type="stmt" count="21"/>
        <line num="235" type="stmt" count="21"/>
        <line num="237" type="stmt" count="21"/>
        <line num="238" type="stmt" count="0"/>
        <line num="239" type="stmt" count="21"/>
        <line num="240" type="stmt" count="0"/>
        <line num="244" type="stmt" count="21"/>
        <line num="245" type="stmt" count="11"/>
        <line num="246" type="stmt" count="11"/>
        <line num="247" type="stmt" count="11"/>
        <line num="248" type="stmt" count="11"/>
        <line num="249" type="stmt" count="11"/>
        <line num="250" type="stmt" count="11"/>
        <line num="251" type="stmt" count="11"/>
        <line num="254" type="stmt" count="21"/>
        <line num="255" type="stmt" count="21"/>
        <line num="257" type="stmt" count="21"/>
        <line num="266" type="method" name="randomBytes" visibility="public" complexity="1" crap="1" count="20"/>
        <line num="268" type="stmt" count="20"/>
        <line num="276" type="method" name="randomGenerator" visibility="protected" complexity="1" crap="1" count="11"/>
        <line num="278" type="stmt" count="11"/>
        <line num="279" type="stmt" count="11"/>
        <line num="280" type="stmt" count="11"/>
        <line num="282" type="stmt" count="11"/>
        <line num="291" type="method" name="import" visibility="public" complexity="1" crap="1" count="23"/>
        <line num="293" type="stmt" count="23"/>
        <line num="303" type="method" name="validate" visibility="public" complexity="1" crap="1" count="17"/>
        <line num="305" type="stmt" count="17"/>
        <line num="312" type="method" name="__get" visibility="public" complexity="14" crap="25.37" count="21"/>
        <line num="315" type="stmt" count="21"/>
        <line num="316" type="stmt" count="0"/>
        <line num="318" type="stmt" count="21"/>
        <line num="319" type="stmt" count="1"/>
        <line num="321" type="stmt" count="20"/>
        <line num="322" type="stmt" count="4"/>
        <line num="323" type="stmt" count="1"/>
        <line num="325" type="stmt" count="3"/>
        <line num="328" type="stmt" count="16"/>
        <line num="329" type="stmt" count="0"/>
        <line num="331" type="stmt" count="16"/>
        <line num="332" type="stmt" count="0"/>
        <line num="334" type="stmt" count="0"/>
        <line num="335" type="stmt" count="0"/>
        <line num="337" type="stmt" count="0"/>
        <line num="340" type="stmt" count="0"/>
        <line num="342" type="stmt" count="0"/>
        <line num="345" type="stmt" count="16"/>
        <line num="346" type="stmt" count="4"/>
        <line num="348" type="stmt" count="12"/>
        <line num="349" type="stmt" count="4"/>
        <line num="350" type="stmt" count="4"/>
        <line num="351" type="stmt" count="0"/>
        <line num="352" type="stmt" count="4"/>
        <line num="353" type="stmt" count="0"/>
        <line num="354" type="stmt" count="4"/>
        <line num="355" type="stmt" count="4"/>
        <line num="357" type="stmt" count="0"/>
        <line num="360" type="stmt" count="8"/>
        <line num="361" type="stmt" count="8"/>
        <line num="364" type="stmt" count="0"/>
        <line num="374" type="method" name="__toString" visibility="public" complexity="1" crap="1" count="13"/>
        <line num="376" type="stmt" count="13"/>
        <metrics loc="378" ncloc="210" classes="1" methods="12" coveredmethods="8" conditionals="0" coveredconditionals="0" statements="107" coveredstatements="90" elements="119" coveredelements="98"/>
      </file>
    </package>
    <package name="TakeawayTown\LaravelUuid\Providers">
      <file name="/var/www/takeawaytown/packages/laravel-uuid/src/Providers/UuidServiceProvider.php">
        <class name="UuidServiceProvider" namespace="TakeawayTown\LaravelUuid\Providers">
          <metrics complexity="3" methods="2" coveredmethods="2" conditionals="0" coveredconditionals="0" statements="7" coveredstatements="7" elements="9" coveredelements="9"/>
        </class>
        <line num="14" type="method" name="boot" visibility="public" complexity="2" crap="2" count="43"/>
        <line num="16" type="stmt" count="43"/>
        <line num="17" type="stmt" count="43"/>
        <line num="18" type="stmt" count="43"/>
        <line num="21" type="stmt" count="43"/>
        <line num="28" type="method" name="register" visibility="public" complexity="1" crap="1" count="43"/>
        <line num="30" type="stmt" count="43"/>
        <line num="31" type="stmt" count="43"/>
        <line num="33" type="stmt" count="43"/>
        <metrics loc="34" ncloc="24" classes="1" methods="2" coveredmethods="2" conditionals="0" coveredconditionals="0" statements="7" coveredstatements="7" elements="9" coveredelements="9"/>
      </file>
    </package>
    <metrics files="2" loc="412" ncloc="234" classes="2" methods="14" coveredmethods="10" conditionals="0" coveredconditionals="0" statements="114" coveredstatements="97" elements="128" coveredelements="107"/>
  </project>
</coverage>
